<?xml version="1.0" encoding="UTF-8"?>
<!-- Generated by org.testng.reporters.JUnitXMLReporter -->
<testsuite ignored="0" hostname="LAPTOP-PQ87HVMI" failures="1" tests="1" name="Login Test" time="6.659" errors="0" timestamp="2026-05-01T16:34:44 IST">
  <testcase classname="com.tests.LoginTest" name="verifyAddToCart" time="0.771">
    <failure type="java.lang.AssertionError" message="For testing screenshot failure expected [true] but found [false]">
      <![CDATA[java.lang.AssertionError: For testing screenshot failure expected [true] but found [false]
at com.tests.LoginTest.verifyAddToCart(LoginTest.java:42)
at java.base/java.util.ArrayList.forEach(ArrayList.java:1604)
... Removed 28 stack frames]]>
    </failure>
  </testcase> <!-- verifyAddToCart -->
</testsuite> <!-- Login Test -->
