<?xml version="1.0" encoding="UTF-8"?>
<testng-results ignored="0" total="2" passed="2" failed="0" skipped="0">
  <reporter-output>
  </reporter-output>
  <suite started-at="2026-05-01T18:41:41 IST" name="Automation Suite" finished-at="2026-05-01T18:41:49 IST" duration-ms="7818">
    <groups>
      <group name="Regression">
        <method signature="CartTest.verifyAddToCart()[pri:0, instance:com.tests.CartTest@13c9d689]" name="verifyAddToCart" class="com.tests.CartTest"/>
      </group> <!-- Regression -->
    </groups>
    <test started-at="2026-05-01T18:41:41 IST" name="All Tests" finished-at="2026-05-01T18:41:49 IST" duration-ms="7818">
      <class name="com.tests.CartTest">
        <test-method is-config="true" signature="setup()[pri:0, instance:com.tests.CartTest@13c9d689]" started-at="2026-05-01T18:41:41 IST" name="setup" finished-at="2026-05-01T18:41:48 IST" duration-ms="6815" status="PASS">
          <reporter-output>
          </reporter-output>
        </test-method> <!-- setup -->
        <test-method signature="verifyAddToCart()[pri:0, instance:com.tests.CartTest@13c9d689]" started-at="2026-05-01T18:41:48 IST" name="verifyAddToCart" finished-at="2026-05-01T18:41:48 IST" duration-ms="636" status="PASS">
          <reporter-output>
          </reporter-output>
        </test-method> <!-- verifyAddToCart -->
        <test-method is-config="true" signature="tearDown()[pri:0, instance:com.tests.CartTest@13c9d689]" started-at="2026-05-01T18:41:48 IST" name="tearDown" finished-at="2026-05-01T18:41:49 IST" duration-ms="326" status="PASS">
          <reporter-output>
          </reporter-output>
        </test-method> <!-- tearDown -->
      </class> <!-- com.tests.CartTest -->
      <class name="com.tests.LoginTest">
        <test-method is-config="true" signature="setup()[pri:0, instance:com.tests.LoginTest@30c15d8b]" started-at="2026-05-01T18:41:41 IST" name="setup" finished-at="2026-05-01T18:41:47 IST" duration-ms="6619" status="PASS">
          <reporter-output>
          </reporter-output>
        </test-method> <!-- setup -->
        <test-method signature="verifyLogin()[pri:0, instance:com.tests.LoginTest@30c15d8b]" started-at="2026-05-01T18:41:47 IST" name="verifyLogin" finished-at="2026-05-01T18:41:48 IST" duration-ms="464" status="PASS">
          <reporter-output>
          </reporter-output>
        </test-method> <!-- verifyLogin -->
        <test-method is-config="true" signature="tearDown()[pri:0, instance:com.tests.LoginTest@30c15d8b]" started-at="2026-05-01T18:41:48 IST" name="tearDown" finished-at="2026-05-01T18:41:49 IST" duration-ms="659" status="PASS">
          <reporter-output>
          </reporter-output>
        </test-method> <!-- tearDown -->
      </class> <!-- com.tests.LoginTest -->
    </test> <!-- All Tests -->
  </suite> <!-- Automation Suite -->
</testng-results>
